0 info it worked if it ends with ok
1 verbose cli [ '/usr/local/Cellar/node/4.1.1/bin/node',
1 verbose cli   '/usr/local/bin/npm',
1 verbose cli   'run',
1 verbose cli   'tdd' ]
2 info using npm@3.3.4
3 info using node@v4.1.1
4 verbose run-script [ 'pretdd', 'tdd', 'posttdd' ]
5 info lifecycle otus-model-js@0.0.2-SNAPSHOT~pretdd: otus-model-js@0.0.2-SNAPSHOT
6 silly lifecycle otus-model-js@0.0.2-SNAPSHOT~pretdd: no script for pretdd, continuing
7 info lifecycle otus-model-js@0.0.2-SNAPSHOT~tdd: otus-model-js@0.0.2-SNAPSHOT
8 verbose lifecycle otus-model-js@0.0.2-SNAPSHOT~tdd: unsafe-perm in lifecycle true
9 verbose lifecycle otus-model-js@0.0.2-SNAPSHOT~tdd: PATH: /usr/local/lib/node_modules/npm/bin/node-gyp-bin:/Users/fagnerschwalm/desenvolvimento/homeoffice/external-dependencies/otus-model-js/node_modules/.bin:/usr/local/bin:/usr/bin:/bin:/usr/sbin:/sbin:/Users/fagnerschwalm/tools/apache-maven-3.3.3/bin:/Users/fagnerschwalm/tools/apache-maven-3.3.3/bin
10 verbose lifecycle otus-model-js@0.0.2-SNAPSHOT~tdd: CWD: /Users/fagnerschwalm/desenvolvimento/homeoffice/external-dependencies/otus-model-js
11 silly lifecycle otus-model-js@0.0.2-SNAPSHOT~tdd: Args: [ '-c',
11 silly lifecycle   'karma start karma.conf.js --auto-watch --browsers Chrome' ]
12 silly lifecycle otus-model-js@0.0.2-SNAPSHOT~tdd: Returned: code: 1  signal: null
13 info lifecycle otus-model-js@0.0.2-SNAPSHOT~tdd: Failed to exec tdd script
14 verbose stack Error: otus-model-js@0.0.2-SNAPSHOT tdd: `karma start karma.conf.js --auto-watch --browsers Chrome`
14 verbose stack Exit status 1
14 verbose stack     at EventEmitter.<anonymous> (/usr/local/lib/node_modules/npm/lib/utils/lifecycle.js:233:16)
14 verbose stack     at emitTwo (events.js:87:13)
14 verbose stack     at EventEmitter.emit (events.js:172:7)
14 verbose stack     at ChildProcess.<anonymous> (/usr/local/lib/node_modules/npm/lib/utils/spawn.js:24:14)
14 verbose stack     at emitTwo (events.js:87:13)
14 verbose stack     at ChildProcess.emit (events.js:172:7)
14 verbose stack     at maybeClose (internal/child_process.js:817:16)
14 verbose stack     at Process.ChildProcess._handle.onexit (internal/child_process.js:211:5)
15 verbose pkgid otus-model-js@0.0.2-SNAPSHOT
16 verbose cwd /Users/fagnerschwalm/desenvolvimento/homeoffice/external-dependencies/otus-model-js
17 error Darwin 14.5.0
18 error argv "/usr/local/Cellar/node/4.1.1/bin/node" "/usr/local/bin/npm" "run" "tdd"
19 error node v4.1.1
20 error npm  v3.3.4
21 error code ELIFECYCLE
22 error otus-model-js@0.0.2-SNAPSHOT tdd: `karma start karma.conf.js --auto-watch --browsers Chrome`
22 error Exit status 1
23 error Failed at the otus-model-js@0.0.2-SNAPSHOT tdd script 'karma start karma.conf.js --auto-watch --browsers Chrome'.
23 error This is most likely a problem with the otus-model-js package,
23 error not with npm itself.
23 error Tell the author that this fails on your system:
23 error     karma start karma.conf.js --auto-watch --browsers Chrome
23 error You can get their info via:
23 error     npm owner ls otus-model-js
23 error There is likely additional logging output above.
24 verbose exit [ 1, true ]
